[18:58:42] [main/INFO]: Loading Minecraft 1.21 with Fabric Loader 0.16.5
[18:58:42] [main/INFO]: Loading 61 mods:
	- carpet 1.4.147+v240613
	- carpet-extra 1.4.148
	- carpet-tis-addition 1.63.1
	   \-- conditional-mixin 0.6.2
	- fabric-api 0.102.0+1.21
	   |-- fabric-api-base 0.4.42+6573ed8cd1
	   |-- fabric-api-lookup-api-v1 1.6.68+b5597344d1
	   |-- fabric-biome-api-v1 13.0.29+5bd9f1bcd1
	   |-- fabric-block-api-v1 1.0.22+0af3f5a7d1
	   |-- fabric-block-view-api-v2 1.0.10+6573ed8cd1
	   |-- fabric-blockrenderlayer-v1 1.1.52+0af3f5a7d1
	   |-- fabric-client-tags-api-v1 1.1.15+6573ed8cd1
	   |-- fabric-command-api-v1 1.2.49+f71b366fd1
	   |-- fabric-command-api-v2 2.2.28+6ced4dd9d1
	   |-- fabric-commands-v0 0.2.66+df3654b3d1
	   |-- fabric-content-registries-v0 8.0.16+b5597344d1
	   |-- fabric-convention-tags-v1 2.0.19+7f945d5bd1
	   |-- fabric-convention-tags-v2 2.5.0+c5e2b5c6d1
	   |-- fabric-crash-report-info-v1 0.2.29+0af3f5a7d1
	   |-- fabric-data-attachment-api-v1 1.1.27+6a6dfa19d1
	   |-- fabric-data-generation-api-v1 20.2.16+16c4ae25d1
	   |-- fabric-dimensions-v1 4.0.0+6fc22b99d1
	   |-- fabric-entity-events-v1 1.6.12+6fc22b99d1
	   |-- fabric-events-interaction-v0 0.7.12+ba9dae06d1
	   |-- fabric-game-rule-api-v1 1.0.53+6ced4dd9d1
	   |-- fabric-item-api-v1 11.0.0+afdfc921d1
	   |-- fabric-item-group-api-v1 4.1.4+78017270d1
	   |-- fabric-key-binding-api-v1 1.0.47+0af3f5a7d1
	   |-- fabric-keybindings-v0 0.2.45+df3654b3d1
	   |-- fabric-lifecycle-events-v1 2.3.12+6c1df360d1
	   |-- fabric-loot-api-v2 3.0.14+3f89f5a5d1
	   |-- fabric-loot-api-v3 1.0.2+3f89f5a5d1
	   |-- fabric-message-api-v1 6.0.13+6573ed8cd1
	   |-- fabric-model-loading-api-v1 2.0.0+fe474d6bd1
	   |-- fabric-networking-api-v1 4.2.2+60c3209bd1
	   |-- fabric-object-builder-api-v1 15.2.0+a551f7a4d1
	   |-- fabric-particles-v1 4.0.2+6573ed8cd1
	   |-- fabric-recipe-api-v1 5.0.12+65089712d1
	   |-- fabric-registry-sync-v0 5.1.2+60c3209bd1
	   |-- fabric-renderer-api-v1 3.4.0+c705a49cd1
	   |-- fabric-renderer-indigo 1.7.0+c705a49cd1
	   |-- fabric-renderer-registries-v1 3.2.68+df3654b3d1
	   |-- fabric-rendering-data-attachment-v1 0.3.48+73761d2ed1
	   |-- fabric-rendering-fluids-v1 3.1.6+b5597344d1
	   |-- fabric-rendering-v0 1.1.71+df3654b3d1
	   |-- fabric-rendering-v1 5.0.5+df16efd0d1
	   |-- fabric-resource-conditions-api-v1 4.3.0+8dc279b1d1
	   |-- fabric-resource-loader-v0 1.3.0+56599129d1
	   |-- fabric-screen-api-v1 2.0.24+b5597344d1
	   |-- fabric-screen-handler-api-v1 1.3.86+b5597344d1
	   |-- fabric-sound-api-v1 1.0.23+6573ed8cd1
	   |-- fabric-transfer-api-v1 5.1.16+3dccd343d1
	   \-- fabric-transitive-access-wideners-v1 6.1.0+176f9036d1
	- fabricloader 0.16.5
	   \-- mixinextras 0.4.1
	- ferritecore 7.0.0
	- invview 1.4.15-1.20.5+
	   \-- sgui 1.5.0+1.20.5
	- java 21
	- krypton 0.2.8
	   \-- com_velocitypowered_velocity-native 3.3.0-SNAPSHOT
	- lithium 0.13.1
	- minecraft 1.21
	- modernfix 5.19.1+mc1.21
	- noisium 2.3.0+mc1.21-1.21.1
	- servercore 1.5.4+1.21
	   |-- fabric-permissions-api-v0 0.3.1
	   |-- org_yaml_snakeyaml 2.2
	   |-- placeholder-api 2.4.0+1.21
	   |-- space_arim_dazzleconf_dazzleconf-core 1.3.0-M2
	   \-- space_arim_dazzleconf_dazzleconf-ext-snakeyaml 1.3.0-M2
	- servux 0.3.7
	   \-- fabric-permissions-api-v0 0.3.1
	- threadtweak 0.1.4+mc1.21
[18:58:43] [main/INFO]: SpongePowered MIXIN Subsystem Version=0.8.7 Source=file:/F:/All%20Minecraft%20Servers/OFFICIAL%20SERVER/Minecraft-Survival-1.21/libraries/net/fabricmc/sponge-mixin/0.15.3+mixin.0.8.7/sponge-mixin-0.15.3+mixin.0.8.7.jar Service=Knot/Fabric Env=SERVER
[18:58:44] [main/INFO]: Compatibility level set to JAVA_17
[18:58:44] [main/INFO]: Compatibility level set to JAVA_21
[18:58:45] [main/INFO]: Loaded configuration file for Lithium: 144 options available, 2 override(s) found
[18:58:45] [main/INFO]: Loaded configuration file for ModernFix 5.19.1+mc1.21: 54 options available, 1 override(s) found
[18:58:45] [main/WARN]: Option 'mixin.perf.thread_priorities' overriden (by mods [threadtweak]) to 'false'
[18:58:45] [main/INFO]: Applying Nashorn fix
[18:58:46] [main/WARN]: Force-disabling mixin 'alloc.blockstate.StateMixin' as rule 'mixin.alloc.blockstate' (added by mods [ferritecore]) disables it and children
[18:58:46] [main/WARN]: Force-disabling mixin 'alloc.chunk_ticking.ServerChunkManagerMixin' as rule 'mixin.alloc.chunk_ticking' (added by mods [servercore]) disables it and children
[18:58:46] [main/INFO]: Initializing MixinExtras via com.llamalad7.mixinextras.service.MixinExtrasServiceImpl(version=0.4.1).
[18:58:46] [main/INFO]: ThreadTweak config initialized
[18:58:49] [main/INFO]: Injecting BlockStateBase cache population hook into lithium$getPathNodeType from me.jellysquid.mods.lithium.mixin.ai.pathing.AbstractBlockStateMixin
[18:58:49] [main/INFO]: Injecting BlockStateBase cache population hook into lithium$getAllFlags from me.jellysquid.mods.lithium.mixin.util.block_tracking.AbstractBlockStateMixin
[18:58:49] [main/INFO]: Injecting BlockStateBase cache population hook into lithium$getNeighborPathNodeType from me.jellysquid.mods.lithium.mixin.ai.pathing.AbstractBlockStateMixin
[18:58:50] [main/WARN]: Method overwrite conflict for method_21740 in modernfix-common.mixins.json:perf.remove_biome_temperature_cache.BiomeMixin from mod modernfix, previously written by me.jellysquid.mods.lithium.mixin.world.temperature_cache.BiomeMixin. Skipping method.
[18:58:53] [main/INFO]: Vanilla bootstrap took 5257 milliseconds
[18:58:53] [TISCM Mapping/ERROR]: Fail to load mapping Yarn 1.21+build.9
carpettisaddition.libs.net.fabricmc.mapping.reader.v2.MappingParseException: Error on line "	m	(Lcom/moj"!
	at carpettisaddition.libs.net.fabricmc.mapping.reader.v2.TinyV2Factory.visit(TinyV2Factory.java:92) ~[carpet-tis-addition-v1.63.1-mc1.21.1.jar:?]
	at carpettisaddition.utils.deobfuscator.mapping.TinyMappingV2Reader.readMapping(TinyMappingV2Reader.java:39) ~[carpet-tis-addition-v1.63.1-mc1.21.1.jar:?]
	at carpettisaddition.utils.deobfuscator.StackTraceDeobfuscator.loadMappings(StackTraceDeobfuscator.java:66) ~[carpet-tis-addition-v1.63.1-mc1.21.1.jar:?]
	at carpettisaddition.utils.deobfuscator.yarn.OnlineMappingProvider.loadMappings(OnlineMappingProvider.java:173) ~[carpet-tis-addition-v1.63.1-mc1.21.1.jar:?]
	at carpettisaddition.utils.deobfuscator.yarn.OnlineMappingProvider.getMappingThreaded(OnlineMappingProvider.java:194) ~[carpet-tis-addition-v1.63.1-mc1.21.1.jar:?]
	at java.base/java.lang.Thread.run(Thread.java:1583) [?:?]
Caused by: java.lang.IllegalArgumentException: Wrong number of parts for definition of a METHOD!
	at carpettisaddition.libs.net.fabricmc.mapping.reader.v2.TinyV2Factory.visit(TinyV2Factory.java:81) ~[carpet-tis-addition-v1.63.1-mc1.21.1.jar:?]
	... 5 more
[18:58:54] [main/INFO]: Compression will use Java, encryption will use Java
[18:58:54] [main/INFO]: Loading Noisium.
[18:58:54] [main/INFO]: [ServerCore] Loaded V1.5.4+1.21!
[18:58:54] [main/INFO]: Krypton is now accelerating your Minecraft server's networking stack 🚀
[18:58:54] [main/INFO]: Environment: Environment[sessionHost=https://sessionserver.mojang.com, servicesHost=https://api.minecraftservices.com, name=PROD]
[18:58:56] [main/INFO]: Loaded 1290 recipes
[18:58:56] [main/INFO]: Loaded 1399 advancements
[18:58:57] [main/INFO]: Applied 0 biome modifications to 0 of 64 new biomes in 1.071 ms
[18:58:57] [Server thread/INFO]: Starting minecraft server version 1.21
[18:58:57] [Server thread/INFO]: Loading properties
[18:58:57] [Server thread/INFO]: Default game type: SURVIVAL
[18:58:57] [Server console handler/ERROR]: Exception handling console input
java.io.IOException: The handle is invalid
	at java.base/java.io.FileInputStream.readBytes(Native Method) ~[?:?]
	at java.base/java.io.FileInputStream.read(FileInputStream.java:287) ~[?:?]
	at java.base/java.io.BufferedInputStream.read1(BufferedInputStream.java:345) ~[?:?]
	at java.base/java.io.BufferedInputStream.implRead(BufferedInputStream.java:420) ~[?:?]
	at java.base/java.io.BufferedInputStream.read(BufferedInputStream.java:399) ~[?:?]
	at java.base/sun.nio.cs.StreamDecoder.readBytes(StreamDecoder.java:350) ~[?:?]
	at java.base/sun.nio.cs.StreamDecoder.implRead(StreamDecoder.java:393) ~[?:?]
	at java.base/sun.nio.cs.StreamDecoder.lockedRead(StreamDecoder.java:217) ~[?:?]
	at java.base/sun.nio.cs.StreamDecoder.read(StreamDecoder.java:171) ~[?:?]
	at java.base/java.io.InputStreamReader.read(InputStreamReader.java:188) ~[?:?]
	at java.base/java.io.BufferedReader.fill(BufferedReader.java:160) ~[?:?]
	at java.base/java.io.BufferedReader.implReadLine(BufferedReader.java:370) ~[?:?]
	at java.base/java.io.BufferedReader.readLine(BufferedReader.java:347) ~[?:?]
	at java.base/java.io.BufferedReader.readLine(BufferedReader.java:436) ~[?:?]
	at net.minecraft.class_3176$1.run(class_3176.java:103) [server-intermediary.jar:?]
[18:58:57] [Server thread/INFO]: Generating keypair
[18:58:57] [Server thread/INFO]: Starting Minecraft server on 0.0.0.0:25565
[18:58:57] [Server thread/INFO]: Using default channel type
[18:58:58] [Server thread/WARN]: @Redirect conflict. Skipping carpet-extra.mixins.json:ServerPlayNetworkHandlerMixin from mod carpet-extra->@Redirect::carpetextra_removeHitPosCheck(Lnet/minecraft/class_243;Lnet/minecraft/class_243;)Lnet/minecraft/class_243; with priority 1000, already redirected by mixins.servux.json:MixinServerPlayNetworkHandler from mod servux->@Redirect::servux$removeHitPosCheck(Lnet/minecraft/class_243;Lnet/minecraft/class_243;)Lnet/minecraft/class_243; with priority 1005
[18:58:58] [Server thread/INFO]: Preparing level "world"
[18:58:58] [Server thread/INFO]: [CM] Loaded 12 settings from carpet.conf
[18:58:58] [Server thread/WARN]: Method overwrite conflict for removeIf in modernfix-common.mixins.json:bugfix.paper_chunk_patches.SortedArraySetMixin from mod modernfix, previously written by me.jellysquid.mods.lithium.mixin.collections.chunk_tickets.SortedArraySetMixin. Skipping method.
[18:58:58] [Server thread/INFO]: Preparing start region for dimension minecraft:overworld
[18:58:59] [Worker-Main-8/INFO]: Preparing spawn area: 0%
[18:58:59] [Worker-Main-2/INFO]: Preparing spawn area: 0%
[18:58:59] [Server thread/INFO]: Time elapsed: 652 ms
[18:58:59] [Server thread/INFO]: Done (1.338s)! For help, type "help"
[18:58:59] [Server thread/WARN]: Dedicated server took 18.638 seconds to load
[18:59:15] [User Authenticator #1/INFO]: UUID of player FireGhest is debce880-f9a1-40f0-8a93-b61b35b663ad
[18:59:16] [Server thread/INFO]: FireGhest[/127.0.0.1:57003] logged in with entity id 27 at (-576.953778045722, 66.0, -1061.8444514098699)
[18:59:16] [Server thread/INFO]: FireGhest joined the game
[19:30:10] [Server thread/WARN]: Mismatch in destroy block pos: class_2338{x=-587, y=64, z=-1075} class_2338{x=-588, y=63, z=-1074}
[19:41:54] [Server thread/WARN]: Mismatch in destroy block pos: class_2338{x=-663, y=68, z=-910} class_2338{x=-664, y=67, z=-909}
[19:41:54] [Server thread/WARN]: Mismatch in destroy block pos: class_2338{x=-663, y=68, z=-910} class_2338{x=-664, y=67, z=-909}
[19:41:54] [Server thread/WARN]: Mismatch in destroy block pos: class_2338{x=-663, y=68, z=-910} class_2338{x=-664, y=67, z=-909}
[19:41:54] [Server thread/WARN]: Mismatch in destroy block pos: class_2338{x=-663, y=68, z=-910} class_2338{x=-664, y=67, z=-909}
[19:41:55] [Server thread/WARN]: Mismatch in destroy block pos: class_2338{x=-663, y=68, z=-910} class_2338{x=-664, y=67, z=-909}
[19:41:55] [Server thread/WARN]: Mismatch in destroy block pos: class_2338{x=-663, y=68, z=-910} class_2338{x=-664, y=67, z=-909}
[19:42:01] [Server thread/WARN]: Mismatch in destroy block pos: class_2338{x=-670, y=67, z=-910} class_2338{x=-670, y=66, z=-912}
[19:42:01] [Server thread/WARN]: Mismatch in destroy block pos: class_2338{x=-670, y=67, z=-910} class_2338{x=-670, y=66, z=-912}
[20:33:04] [Server thread/WARN]: Mismatch in destroy block pos: class_2338{x=-632, y=63, z=-1037} class_2338{x=-663, y=63, z=-1068}
[20:37:32] [Server thread/WARN]: Mismatch in destroy block pos: class_2338{x=-652, y=62, z=-1085} class_2338{x=-640, y=64, z=-1085}
[20:37:32] [Server thread/WARN]: Mismatch in destroy block pos: class_2338{x=-652, y=62, z=-1085} class_2338{x=-640, y=64, z=-1085}
[20:37:32] [Server thread/WARN]: Mismatch in destroy block pos: class_2338{x=-652, y=62, z=-1085} class_2338{x=-640, y=64, z=-1085}
[20:37:32] [Server thread/WARN]: Mismatch in destroy block pos: class_2338{x=-652, y=62, z=-1085} class_2338{x=-640, y=64, z=-1085}
[21:02:23] [Server thread/INFO]: FireGhest lost connection: Disconnected
[21:02:23] [Server thread/INFO]: FireGhest left the game
[21:02:34] [Server thread/INFO]: Saving the game (this may take a moment!)
[21:02:34] [Server thread/INFO]: Saved the game
[21:02:39] [Server thread/INFO]: Stopping the server
[21:02:39] [Server thread/INFO]: Stopping server
[21:02:39] [Server thread/INFO]: Saving players
[21:02:39] [Server thread/INFO]: Saving worlds
[21:02:39] [Server thread/INFO]: Saving chunks for level 'ServerLevel[world]'/minecraft:overworld
[21:02:39] [Server thread/INFO]: Saving chunks for level 'ServerLevel[world]'/minecraft:the_nether
[21:02:39] [Server thread/INFO]: Saving chunks for level 'ServerLevel[world]'/minecraft:the_end
[21:02:39] [Server thread/INFO]: ThreadedAnvilChunkStorage (world): All chunks are saved
[21:02:39] [Server thread/INFO]: ThreadedAnvilChunkStorage (DIM-1): All chunks are saved
[21:02:39] [Server thread/INFO]: ThreadedAnvilChunkStorage (DIM1): All chunks are saved
[21:02:39] [Server thread/INFO]: ThreadedAnvilChunkStorage: All dimensions are saved
